0 info it worked if it ends with ok
1 verbose cli [ 'D:\\Program Files\\nodejs\\node.exe',
1 verbose cli   'D:\\Program Files\\nodejs\\node_modules\\npm\\bin\\npm-cli.js',
1 verbose cli   'run',
1 verbose cli   'watch' ]
2 info using npm@3.10.10
3 info using node@v6.11.2
4 verbose run-script [ 'prewatch', 'watch', 'postwatch' ]
5 info lifecycle typescript-intro@1.0.0~prewatch: typescript-intro@1.0.0
6 silly lifecycle typescript-intro@1.0.0~prewatch: no script for prewatch, continuing
7 info lifecycle typescript-intro@1.0.0~watch: typescript-intro@1.0.0
8 verbose lifecycle typescript-intro@1.0.0~watch: unsafe-perm in lifecycle true
9 verbose lifecycle typescript-intro@1.0.0~watch: PATH: D:\Program Files\nodejs\node_modules\npm\bin\node-gyp-bin;D:\Patrick\Documenten\GitHub\from-theory-to-practice-angular\1-Typescript\node_modules\.bin;C:\ProgramData\Oracle\Java\javapath;C:\WINDOWS\system32;C:\WINDOWS;C:\WINDOWS\System32\Wbem;C:\WINDOWS\System32\WindowsPowerShell\v1.0\;C:\Program Files (x86)\Skype\Phone\;C:\Program Files (x86)\NVIDIA Corporation\PhysX\Common;D:\Program Files\Git\cmd;C:\Android;C:\Windows\System32;D:\Program Files\PuTTY\;D:\Program Files (x86)\Microsoft SQL Server\130\Tools\Binn\;D:\Program Files\Microsoft SQL Server\130\Tools\Binn\;D:\Program Files (x86)\Microsoft SQL Server\130\DTS\Binn\;%USERPROFILE%\.dnx\bin;C:\Program Files\Microsoft DNX\Dnvm\;D:\Program Files (x86)\Microsoft SQL Server\Client SDK\ODBC\130\Tools\Binn\;D:\Program Files (x86)\Microsoft SQL Server\130\Tools\Binn\ManagementStudio\;D:\Program Files (x86)\Microsoft SQL Server\110\DTS\Binn\;D:\Program Files (x86)\Microsoft SQL Server\120\DTS\Binn\;D:\Program Files\Microsoft SQL Server\130\DTS\Binn\;D:\Program Files\Microsoft SQL Server\Client SDK\ODBC\130\Tools\Binn\;C:\Program Files\dotnet\;C:\WINDOWS\system32;C:\WINDOWS;C:\WINDOWS\System32\Wbem;C:\WINDOWS\System32\WindowsPowerShell\v1.0\;D:\Program Files (x86)\Nmap;D:\Program Files (x86)\Brackets\command;D:\Program Files\nodejs\;C:\Program Files\MySQL\MySQL Utilities 1.6\;C:\Program Files\MySQL\MySQL Server 5.7\bin;C:\Users\Patrick\scoop\apps\yarn\current\Yarn\bin;C:\Users\Patrick\scoop\apps\yarn\current\bin;C:\Users\Patrick\scoop\shims;D:\Ruby24-x64\bin;C:\Users\Patrick\AppData\Local\Programs\Python\Python36-32\Scripts\;C:\Users\Patrick\AppData\Local\Programs\Python\Python36-32\;C:\Users\Patrick\AppData\Local\Microsoft\WindowsApps;C:\Users\Patrick\AppData\Local\atom\bin;C:\Users\Patrick\AppData\Local\Microsoft\WindowsApps;D:\Program Files (x86)\Microsoft VS Code\bin;D:\Program Files (x86)\Couchapp;C:\Users\Patrick\AppData\Roaming\npm;C:\Program Files\MongoDB\Server\3.4\bin;D:\Program Files\Heroku\bin
10 verbose lifecycle typescript-intro@1.0.0~watch: CWD: D:\Patrick\Documenten\GitHub\from-theory-to-practice-angular\1-Typescript
11 silly lifecycle typescript-intro@1.0.0~watch: Args: [ '/d /s /c', 'tsc -w' ]
12 verbose stack Error: kill ENOSYS
12 verbose stack     at exports._errnoException (util.js:1020:11)
12 verbose stack     at process.kill (internal/process.js:190:13)
12 verbose stack     at process.listener (D:\Program Files\nodejs\node_modules\npm\node_modules\npmlog\node_modules\gauge\node_modules\signal-exit\index.js:86:15)
12 verbose stack     at emitNone (events.js:91:20)
12 verbose stack     at process.emit (events.js:185:7)
12 verbose stack     at processEmit (D:\Program Files\nodejs\node_modules\npm\node_modules\npmlog\node_modules\gauge\node_modules\signal-exit\index.js:146:32)
12 verbose stack     at processEmit (D:\Program Files\nodejs\node_modules\npm\node_modules\npm-registry-client\node_modules\npmlog\node_modules\gauge\node_modules\signal-exit\index.js:146:32)
12 verbose stack     at Signal.wrap.onsignal (internal/process.js:217:44)
13 verbose cwd D:\Patrick\Documenten\GitHub\from-theory-to-practice-angular\1-Typescript
14 error Windows_NT 10.0.15063
15 error argv "D:\\Program Files\\nodejs\\node.exe" "D:\\Program Files\\nodejs\\node_modules\\npm\\bin\\npm-cli.js" "run" "watch"
16 error node v6.11.2
17 error npm  v3.10.10
18 error code ENOSYS
19 error errno ENOSYS
20 error syscall kill
21 error kill ENOSYS
22 error If you need help, you may report this error at:
22 error     <https://github.com/npm/npm/issues>
23 verbose exit [ 1, true ]
